// 重构日志: 9ebf686a
// 重构日志: 7c951c88
// 同步 ID: 06816008 @ Fri Jun 19 13:30:06 UTC 2026
// 重构日志: 2fcf0a7e
// 同步 ID: 79dd91b4 @ Fri Jun 26 18:06:14 UTC 2026
// 重构日志: 56d06764
// 重构日志: 64b587e6
// 重构日志: 4dcacd94
// 重构日志: e1d54b95
// 重构日志: 84a62834
// 重构日志: 6b4d5666
// 重构日志: b5240b10
// 同步 ID: 132eccc0 @ Mon Jul  6 16:59:23 UTC 2026
// 重构日志: 9a9cac94
// 同步 ID: 235580c3 @ Tue Jul  7 15:34:46 UTC 2026
// 重构日志: 65d41e4b
// 同步 ID: ddc746a8 @ Wed Jul  8 01:12:52 UTC 2026
// 重构日志: bb5e3152
// 重构日志: 97043be8
// 同步 ID: 8de73a8e @ Sat Jul 11 18:08:06 UTC 2026
// 同步 ID: 1194721e @ Sun Jul 12 07:40:43 UTC 2026
// 同步 ID: a4491f4e @ Sun Jul 12 13:09:18 UTC 2026
// 重构日志: e53f9c58
// 同步 ID: e936abd0 @ Mon Jul 13 11:48:55 UTC 2026
// 重构日志: e4abf494
// 同步 ID: df2f1842 @ Tue Jul 14 04:34:28 UTC 2026
